TN:
SF:src/transformer/ast-visitor.ts
FN:9,createASTVisitor
FN:14,visit
FN:40,visitSourceFile
FN:55,(anonymous_12)
FN:91,createVisitor
FN:95,visitor
FN:106,visitClassDeclaration
FN:116,(anonymous_16)
FN:124,(anonymous_17)
FN:144,visitMethodDeclaration
FN:179,hasExistingTracerImport
FN:189,(anonymous_20)
FN:215,createTracerImports
FNF:13
FNH:12
FNDA:9,createASTVisitor
FNDA:9,visit
FNDA:9,visitSourceFile
FNDA:9,(anonymous_12)
FNDA:9,createVisitor
FNDA:9,visitor
FNDA:9,visitClassDeclaration
FNDA:10,(anonymous_16)
FNDA:10,(anonymous_17)
FNDA:10,visitMethodDeclaration
FNDA:9,hasExistingTracerImport
FNDA:0,(anonymous_20)
FNDA:8,createTracerImports
DA:1,1
DA:3,1
DA:4,1
DA:9,1
DA:16,9
DA:17,9
DA:21,0
DA:22,0
DA:26,0
DA:27,0
DA:31,0
DA:34,9
DA:46,9
DA:47,9
DA:50,9
DA:51,1
DA:55,8
DA:56,9
DA:60,8
DA:61,8
DA:66,8
DA:77,0
DA:95,9
DA:96,9
DA:97,9
DA:99,0
DA:112,9
DA:113,9
DA:116,9
DA:117,10
DA:118,10
DA:120,0
DA:124,9
DA:125,10
DA:129,9
DA:131,9
DA:148,10
DA:151,10
DA:152,0
DA:156,10
DA:157,2
DA:161,8
DA:162,0
DA:166,8
DA:167,0
DA:171,8
DA:173,8
DA:180,9
DA:181,10
DA:182,0
DA:183,0
DA:185,0
DA:187,0
DA:188,0
DA:189,0
DA:190,0
DA:191,0
DA:199,10
DA:200,0
DA:201,0
DA:202,0
DA:203,0
DA:209,9
DA:216,8
DA:220,8
DA:238,8
DA:260,8
LF:67
LH:44
BRDA:16,0,0,9
BRDA:21,1,0,0
BRDA:26,2,0,0
BRDA:50,3,0,1
BRDA:60,4,0,8
BRDA:60,5,0,8
BRDA:60,5,1,8
BRDA:96,6,0,9
BRDA:113,7,0,9
BRDA:113,7,1,0
BRDA:117,8,0,10
BRDA:151,9,0,0
BRDA:156,10,0,2
BRDA:161,11,0,0
BRDA:166,12,0,0
BRDA:181,13,0,0
BRDA:183,14,0,0
BRDA:185,15,0,0
BRDA:188,16,0,0
BRDA:188,17,0,0
BRDA:188,17,1,0
BRDA:190,18,0,0
BRDA:190,19,0,0
BRDA:190,19,1,0
BRDA:190,19,2,0
BRDA:199,20,0,0
BRDA:202,21,0,0
BRDA:202,22,0,0
BRDA:202,22,1,0
BRF:29
BRH:9
end_of_record
TN:
SF:src/transformer/config-loader.ts
FN:7,loadConfig
FN:45,shouldTransformFile
FN:50,(anonymous_2)
FN:60,(anonymous_3)
FN:71,shouldInstrumentMethod
FN:93,createGlobRegex
FNF:6
FNH:6
FNDA:4,loadConfig
FNDA:17,shouldTransformFile
FNDA:41,(anonymous_2)
FNDA:17,(anonymous_3)
FNDA:21,shouldInstrumentMethod
FNDA:58,createGlobRegex
DA:1,2
DA:2,2
DA:7,2
DA:8,4
DA:14,4
DA:15,4
DA:18,4
DA:19,2
DA:22,4
DA:25,4
DA:27,4
DA:28,1
DA:29,1
DA:30,1
DA:34,3
DA:35,0
DA:38,3
DA:39,3
DA:45,2
DA:47,17
DA:50,17
DA:51,41
DA:52,41
DA:55,17
DA:56,3
DA:60,14
DA:61,17
DA:62,17
DA:65,14
DA:71,2
DA:73,21
DA:74,2
DA:78,19
DA:79,4
DA:83,15
DA:84,3
DA:87,12
DA:95,58
DA:102,58
DA:103,58
DA:107,58
DA:109,58
LF:42
LH:41
BRDA:14,0,0,4
BRDA:18,1,0,2
BRDA:27,2,0,1
BRDA:55,3,0,3
BRDA:73,4,0,2
BRDA:73,5,0,21
BRDA:73,5,1,2
BRDA:78,6,0,4
BRDA:78,7,0,19
BRDA:78,7,1,4
BRDA:83,8,0,3
BRDA:102,9,0,58
BRF:12
BRH:12
end_of_record
TN:
SF:src/transformer/index.ts
FN:10,createTracingTransformer
FN:19,(anonymous_1)
FN:20,(anonymous_2)
FNF:3
FNH:0
FNDA:0,createTracingTransformer
FNDA:0,(anonymous_1)
FNDA:0,(anonymous_2)
DA:17,0
DA:19,0
DA:20,0
DA:22,0
DA:23,0
DA:27,0
DA:35,0
DA:36,0
DA:38,0
LF:9
LH:0
BRDA:22,0,0,0
BRF:1
BRH:0
end_of_record
TN:
SF:src/transformer/span-injector.ts
FN:7,wrapMethodWithSpan
FN:16,(anonymous_10)
FN:54,createAsyncSpanWrapper
FN:108,createSyncSpanWrapper
FN:160,createTryCatchBlock
FN:246,createAttributesObject
FN:281,(anonymous_15)
FN:298,createSpanSetStatusOk
FN:322,createSpanSetStatusError
FN:346,createAsyncGeneratorSpanWrapper
FN:524,createSyncGeneratorSpanWrapper
FN:577,createAsyncGeneratorTryCatchBlock
FN:659,createSyncGeneratorTryCatchBlock
FNF:13
FNH:9
FNDA:8,wrapMethodWithSpan
FNDA:2,(anonymous_10)
FNDA:1,createAsyncSpanWrapper
FNDA:7,createSyncSpanWrapper
FNDA:8,createTryCatchBlock
FNDA:8,createAttributesObject
FNDA:2,(anonymous_15)
FNDA:8,createSpanSetStatusOk
FNDA:8,createSpanSetStatusError
FNDA:0,createAsyncGeneratorSpanWrapper
FNDA:0,createSyncGeneratorSpanWrapper
FNDA:0,createAsyncGeneratorTryCatchBlock
FNDA:0,createSyncGeneratorTryCatchBlock
DA:1,1
DA:7,1
DA:11,8
DA:12,8
DA:13,8
DA:16,8
DA:19,8
DA:23,8
DA:25,0
DA:26,8
DA:28,0
DA:29,8
DA:31,1
DA:34,7
DA:38,8
DA:59,1
DA:60,1
DA:61,0
DA:65,1
DA:68,1
DA:102,1
DA:113,7
DA:114,7
DA:115,0
DA:119,7
DA:122,7
DA:154,7
DA:161,8
DA:164,8
DA:165,8
DA:167,8
DA:168,8
DA:169,8
DA:171,8
DA:173,8
DA:175,8
DA:179,0
DA:180,0
DA:183,0
DA:188,8
DA:189,0
DA:192,8
DA:194,8
DA:220,8
DA:234,8
DA:247,8
DA:248,8
DA:250,8
DA:282,2
DA:292,8
DA:299,8
DA:323,8
DA:351,0
DA:352,0
DA:353,0
DA:357,0
DA:374,0
DA:518,0
DA:529,0
DA:530,0
DA:531,0
DA:535,0
DA:538,0
DA:571,0
DA:578,0
DA:602,0
DA:647,0
DA:660,0
DA:684,0
DA:729,0
LF:70
LH:44
BRDA:11,0,0,8
BRDA:11,0,1,0
BRDA:12,1,0,8
BRDA:12,1,1,0
BRDA:23,2,0,0
BRDA:23,2,1,8
BRDA:23,3,0,8
BRDA:23,3,1,0
BRDA:26,4,0,0
BRDA:26,4,1,8
BRDA:29,5,0,1
BRDA:29,5,1,7
BRDA:60,6,0,0
BRDA:114,7,0,0
BRDA:168,8,0,8
BRDA:168,8,1,0
BRDA:171,9,0,8
BRDA:171,9,1,0
BRDA:188,10,0,0
BRDA:247,11,0,8
BRDA:247,11,1,0
BRDA:248,12,0,8
BRDA:248,12,1,0
BRDA:280,13,0,1
BRDA:280,13,1,7
BRDA:352,14,0,0
BRDA:530,15,0,0
BRF:27
BRH:13
end_of_record
TN:
SF:src/transformer/types.ts
FN:4,(anonymous_0)
FNF:1
FNH:1
FNDA:2,(anonymous_0)
DA:4,2
DA:5,2
DA:6,2
DA:7,2
DA:8,2
DA:9,2
DA:70,2
LF:7
LH:7
BRDA:4,0,0,2
BRDA:4,0,1,2
BRF:2
BRH:2
end_of_record
TN:
SF:src/transformer/validation.ts
FN:6,validateConfig
FN:85,(anonymous_1)
FN:87,(anonymous_2)
FN:93,(anonymous_3)
FN:99,(anonymous_4)
FN:105,(anonymous_5)
FN:111,(anonymous_6)
FN:126,setLogLevel
FN:133,createTransformError
FNF:9
FNH:8
FNDA:4,validateConfig
FNDA:2,(anonymous_1)
FNDA:1,(anonymous_2)
FNDA:0,(anonymous_3)
FNDA:3,(anonymous_4)
FNDA:4,(anonymous_5)
FNDA:8,(anonymous_6)
FNDA:6,setLogLevel
FNDA:1,createTransformError
DA:6,2
DA:7,4
DA:8,4
DA:11,4
DA:12,1
DA:14,3
DA:15,7
DA:16,0
DA:22,4
DA:23,0
DA:24,4
DA:25,4
DA:26,12
DA:27,0
DA:33,4
DA:34,0
DA:35,4
DA:36,0
DA:40,4
DA:41,4
DA:42,0
DA:43,4
DA:44,0
DA:49,4
DA:50,0
DA:54,4
DA:55,0
DA:58,4
DA:59,0
DA:63,4
DA:64,0
DA:65,4
DA:66,0
DA:67,0
DA:68,0
DA:73,4
DA:84,2
DA:85,2
DA:88,1
DA:89,1
DA:94,0
DA:95,0
DA:100,3
DA:101,2
DA:106,4
DA:107,2
DA:112,8
DA:113,8
DA:114,8
DA:116,8
DA:121,2
DA:126,2
DA:127,6
DA:133,2
DA:139,1
DA:140,1
DA:141,1
DA:142,1
DA:143,1
LF:59
LH:43
BRDA:11,0,0,1
BRDA:11,0,1,3
BRDA:11,1,0,4
BRDA:11,1,1,4
BRDA:11,1,2,4
BRDA:15,2,0,0
BRDA:15,3,0,7
BRDA:15,3,1,7
BRDA:22,4,0,0
BRDA:22,4,1,4
BRDA:22,5,0,4
BRDA:22,5,1,4
BRDA:24,6,0,4
BRDA:26,7,0,0
BRDA:33,8,0,0
BRDA:33,8,1,4
BRDA:33,9,0,4
BRDA:33,9,1,4
BRDA:35,10,0,0
BRDA:35,11,0,4
BRDA:35,11,1,4
BRDA:40,12,0,4
BRDA:41,13,0,0
BRDA:41,13,1,4
BRDA:41,14,0,4
BRDA:41,14,1,4
BRDA:43,15,0,0
BRDA:49,16,0,0
BRDA:49,17,0,4
BRDA:49,17,1,4
BRDA:54,18,0,0
BRDA:54,19,0,4
BRDA:54,19,1,4
BRDA:58,20,0,0
BRDA:58,21,0,4
BRDA:58,21,1,0
BRDA:63,22,0,0
BRDA:63,22,1,4
BRDA:63,23,0,4
BRDA:63,23,1,0
BRDA:65,24,0,0
BRDA:67,25,0,0
BRDA:67,26,0,0
BRDA:67,26,1,0
BRDA:85,27,0,2
BRDA:88,28,0,1
BRDA:94,29,0,0
BRDA:100,30,0,2
BRDA:106,31,0,2
BRDA:116,32,0,8
BRDA:116,32,1,8
BRF:51
BRH:33
end_of_record
